<?xml version="1.0" encoding="UTF-8"?>
<testng-results skipped="0" failed="0" ignored="0" total="1" passed="1">
  <reporter-output>
  </reporter-output>
  <suite name="Default suite" duration-ms="132" started-at="2017-08-13T16:46:11Z" finished-at="2017-08-13T16:46:11Z">
    <groups>
    </groups>
    <test name="Default test" duration-ms="132" started-at="2017-08-13T16:46:11Z" finished-at="2017-08-13T16:46:11Z">
      <class name="testJenkins.TestJenkins">
        <test-method status="PASS" signature="testJ()[pri:0, instance:testJenkins.TestJenkins@548e7350]" name="testJ" duration-ms="38" started-at="2017-08-13T09:46:11Z" finished-at="2017-08-13T09:46:11Z">
          <reporter-output>
          </reporter-output>
        </test-method> <!-- testJ -->
      </class> <!-- testJenkins.TestJenkins -->
    </test> <!-- Default test -->
  </suite> <!-- Default suite -->
</testng-results>
